

Microchip MPLAB XC8 Assembler V2.32 build 20210201212658 
                                                                                               Tue Dec 14 05:12:14 2021

Microchip MPLAB XC8 C Compiler v2.32 (Free license) build 20210201212658 Og1 
     1                           	processor	18F4550
     2                           	fnconf	rparam,??,?,0
     3                           	pagewidth 120
     4                           	opt	flic
     5                           	psect	cinit,global,reloc=2,class=CODE,delta=1
     6                           	psect	cstackCOMRAM,global,class=COMRAM,space=1,delta=1,lowdata,noexec
     7                           	psect	text0,global,reloc=2,class=CODE,delta=1
     8                           	psect	text1,global,reloc=2,class=CODE,delta=1
     9                           	psect	text2,global,reloc=2,class=CODE,delta=1
    10                           	psect	intsave_regs,global,class=BIGRAM,space=1,delta=1,noexec
    11                           	psect	rparam,global,class=COMRAM,space=1,delta=1,noexec
    12                           	psect	idloc,global,abs,ovrld,class=IDLOC,space=5,delta=1,noexec
    13                           	psect	config,global,abs,ovrld,class=CONFIG,space=4,delta=1,noexec
    14  0000                     
    15                           ; Version 2.20
    16                           ; Generated 12/02/2020 GMT
    17                           ; 
    18                           ; Copyright © 2020, Microchip Technology Inc. and its subsidiaries ("Microchip")
    19                           ; All rights reserved.
    20                           ; 
    21                           ; This software is developed by Microchip Technology Inc. and its subsidiaries ("Microch
      +                          ip").
    22                           ; 
    23                           ; Redistribution and use in source and binary forms, with or without modification, are
    24                           ; permitted provided that the following conditions are met:
    25                           ; 
    26                           ;     1. Redistributions of source code must retain the above copyright notice, this lis
      +                          t of
    27                           ;        conditions and the following disclaimer.
    28                           ; 
    29                           ;     2. Redistributions in binary form must reproduce the above copyright notice, this 
      +                          list
    30                           ;        of conditions and the following disclaimer in the documentation and/or other
    31                           ;        materials provided with the distribution.
    32                           ; 
    33                           ;     3. Microchip's name may not be used to endorse or promote products derived from th
      +                          is
    34                           ;        software without specific prior written permission.
    35                           ; 
    36                           ; THIS SOFTWARE IS PROVIDED BY MICROCHIP "AS IS" AND ANY EXPRESS OR IMPLIED WARRANTIES,
    37                           ; INCLUDING, BUT NOT LIMITED TO, THE IMPLIED WARRANTIES OF MERCHANTABILITY AND FITNESS F
      +                          OR
    38                           ; PURPOSE ARE DISCLAIMED.  IN NO EVENT SHALL MICROCHIP BE LIABLE FOR ANY DIRECT, INDIREC
      +                          T,
    39                           ; INCIDENTAL, SPECIAL, EXEMPLARY, OR CONSEQUENTIAL DAMAGES (INCLUDING BUT NOT LIMITED TO
    40                           ; PROCUREMENT OF SUBSTITUTE GOODS OR SERVICES; LOSS OF USE, DATA OR PROFITS; OR BUSINESS
    41                           ; INTERRUPTION) HOWSOEVER CAUSED AND ON ANY THEORY OF LIABILITY, WHETHER IN CONTRACT, ST
      +                          RICT
    42                           ; LIABILITY, OR TORT (INCLUDING NEGLIGENCE OR OTHERWISE) ARISING IN ANY WAY OUT OF THE U
      +                          SE OF
    43                           ; THIS SOFTWARE, EVEN IF ADVISED OF THE POSSIBILITY OF SUCH DAMAGE.
    44                           ; 
    45                           ; 
    46                           ; Code-generator required, PIC18F4550 Definitions
    47                           ; 
    48                           ; SFR Addresses
    49  0000                     _INTCONbits	set	4082
    50  0000                     _TMR0L	set	4054
    51  0000                     _T0CONbits	set	4053
    52  0000                     _T0CON	set	4053
    53  0000                     _LATBbits	set	3978
    54  0000                     _TRISB	set	3987
    55  0000                     _ADCON1	set	4033
    56                           
    57                           ; #config settings
    58                           
    59                           	psect	cinit
    60  007F5E                     __pcinit:
    61                           	callstack 0
    62  007F5E                     start_initialization:
    63                           	callstack 0
    64  007F5E                     __initialization:
    65                           	callstack 0
    66  007F5E                     end_of_initialization:
    67                           	callstack 0
    68  007F5E                     __end_of__initialization:
    69                           	callstack 0
    70  007F5E  0100               	movlb	0
    71  007F60  EFB9  F03F         	goto	_main	;jump to C main() function
    72                           
    73                           	psect	cstackCOMRAM
    74  000001                     __pcstackCOMRAM:
    75                           	callstack 0
    76  000001                     timer_ms_delay@tiempo:
    77                           	callstack 0
    78                           
    79                           ; 2 bytes @ 0x0
    80  000001                     	ds	2
    81  000003                     ??_timer_ms_delay:
    82                           
    83                           ; 1 bytes @ 0x2
    84  000003                     	ds	1
    85  000004                     timer_ms_delay@n:
    86                           	callstack 0
    87                           
    88                           ; 2 bytes @ 0x3
    89  000004                     	ds	2
    90  000006                     
    91                           ; 1 bytes @ 0x5
    92 ;;
    93 ;;Main: autosize = 0, tempsize = 0, incstack = 0, save=0
    94 ;;
    95 ;; *************** function _main *****************
    96 ;; Defined at:
    97 ;;		line 15 in file "main.c"
    98 ;; Parameters:    Size  Location     Type
    99 ;;		None
   100 ;; Auto vars:     Size  Location     Type
   101 ;;		None
   102 ;; Return value:  Size  Location     Type
   103 ;;                  1    wreg      void 
   104 ;; Registers used:
   105 ;;		wreg, status,2, status,0, cstack
   106 ;; Tracked objects:
   107 ;;		On entry : 0/0
   108 ;;		On exit  : 0/0
   109 ;;		Unchanged: 0/0
   110 ;; Data sizes:     COMRAM   BANK0   BANK1   BANK2   BANK3   BANK4   BANK5   BANK6   BANK7
   111 ;;      Params:         0       0       0       0       0       0       0       0       0
   112 ;;      Locals:         0       0       0       0       0       0       0       0       0
   113 ;;      Temps:          0       0       0       0       0       0       0       0       0
   114 ;;      Totals:         0       0       0       0       0       0       0       0       0
   115 ;;Total ram usage:        0 bytes
   116 ;; Hardware stack levels required when called: 1
   117 ;; This function calls:
   118 ;;		_Timer_init
   119 ;;		_timer_ms_delay
   120 ;; This function is called by:
   121 ;;		Startup code after reset
   122 ;; This function uses a non-reentrant model
   123 ;;
   124                           
   125                           	psect	text0
   126  007F72                     __ptext0:
   127                           	callstack 0
   128  007F72                     _main:
   129                           	callstack 30
   130  007F72                     
   131                           ;main.c: 18:     ADCON1 = 0x0F;
   132  007F72  0E0F               	movlw	15
   133  007F74  6EC1               	movwf	193,c	;volatile
   134                           
   135                           ;main.c: 20:     TRISB = 0;
   136  007F76  0E00               	movlw	0
   137  007F78  6E93               	movwf	147,c	;volatile
   138  007F7A                     
   139                           ;main.c: 21:     Timer_init();
   140  007F7A  ECB2  F03F         	call	_Timer_init	;wreg free
   141  007F7E                     l756:
   142                           
   143                           ;main.c: 24:         LATBbits.LATB0 = 1;
   144  007F7E  808A               	bsf	138,0,c	;volatile
   145  007F80                     
   146                           ;main.c: 25:         timer_ms_delay(1000);
   147  007F80  0E03               	movlw	3
   148  007F82  6E02               	movwf	(timer_ms_delay@tiempo+1)^0,c
   149  007F84  0EE8               	movlw	232
   150  007F86  6E01               	movwf	timer_ms_delay@tiempo^0,c
   151  007F88  ECD1  F03F         	call	_timer_ms_delay	;wreg free
   152  007F8C                     
   153                           ;main.c: 26:         LATBbits.LATB0 = 0;
   154  007F8C  908A               	bcf	138,0,c	;volatile
   155  007F8E                     
   156                           ;main.c: 27:         timer_ms_delay(1000);
   157  007F8E  0E03               	movlw	3
   158  007F90  6E02               	movwf	(timer_ms_delay@tiempo+1)^0,c
   159  007F92  0EE8               	movlw	232
   160  007F94  6E01               	movwf	timer_ms_delay@tiempo^0,c
   161  007F96  ECD1  F03F         	call	_timer_ms_delay	;wreg free
   162  007F9A  EFBF  F03F         	goto	l756
   163  007F9E  EF00  F000         	goto	start
   164  007FA2                     __end_of_main:
   165                           	callstack 0
   166                           
   167 ;; *************** function _timer_ms_delay *****************
   168 ;; Defined at:
   169 ;;		line 46 in file "main.c"
   170 ;; Parameters:    Size  Location     Type
   171 ;;  tiempo          2    0[COMRAM] unsigned short 
   172 ;; Auto vars:     Size  Location     Type
   173 ;;  n               2    3[COMRAM] unsigned short 
   174 ;; Return value:  Size  Location     Type
   175 ;;                  1    wreg      void 
   176 ;; Registers used:
   177 ;;		wreg, status,2, status,0
   178 ;; Tracked objects:
   179 ;;		On entry : 0/0
   180 ;;		On exit  : 0/0
   181 ;;		Unchanged: 0/0
   182 ;; Data sizes:     COMRAM   BANK0   BANK1   BANK2   BANK3   BANK4   BANK5   BANK6   BANK7
   183 ;;      Params:         2       0       0       0       0       0       0       0       0
   184 ;;      Locals:         2       0       0       0       0       0       0       0       0
   185 ;;      Temps:          1       0       0       0       0       0       0       0       0
   186 ;;      Totals:         5       0       0       0       0       0       0       0       0
   187 ;;Total ram usage:        5 bytes
   188 ;; Hardware stack levels used: 1
   189 ;; This function calls:
   190 ;;		Nothing
   191 ;; This function is called by:
   192 ;;		_main
   193 ;; This function uses a non-reentrant model
   194 ;;
   195                           
   196                           	psect	text1
   197  007FA2                     __ptext1:
   198                           	callstack 0
   199  007FA2                     _timer_ms_delay:
   200                           	callstack 30
   201  007FA2                     
   202                           ;main.c: 49:     uint16_t n;;main.c: 51:     for(n=1;n<=tiempo;n++){
   203  007FA2  0E00               	movlw	0
   204  007FA4  6E05               	movwf	(timer_ms_delay@n+1)^0,c
   205  007FA6  0E01               	movlw	1
   206  007FA8  6E04               	movwf	timer_ms_delay@n^0,c
   207  007FAA  EFF4  F03F         	goto	l750
   208  007FAE                     l744:
   209                           
   210                           ;main.c: 52:         LATBbits.LATB1 = ~LATBbits.LATB1;
   211  007FAE  B28A               	btfsc	138,1,c	;volatile
   212  007FB0  EFDC  F03F         	goto	u41
   213  007FB4  EFDF  F03F         	goto	u40
   214  007FB8                     u41:
   215  007FB8  0E01               	movlw	1
   216  007FBA  EFE0  F03F         	goto	u46
   217  007FBE                     u40:
   218  007FBE  0E00               	movlw	0
   219  007FC0                     u46:
   220  007FC0  0AFF               	xorlw	255
   221  007FC2  6E03               	movwf	??_timer_ms_delay^0,c
   222  007FC4  4603               	rlncf	??_timer_ms_delay^0,f,c
   223  007FC6  508A               	movf	138,w,c	;volatile
   224  007FC8  1803               	xorwf	??_timer_ms_delay^0,w,c
   225  007FCA  0BFD               	andlw	-3
   226  007FCC  1803               	xorwf	??_timer_ms_delay^0,w,c
   227  007FCE  6E8A               	movwf	138,c	;volatile
   228  007FD0                     
   229                           ;main.c: 53:         T0CONbits.TMR0ON = 1;
   230  007FD0  8ED5               	bsf	213,7,c	;volatile
   231  007FD2                     l34:
   232  007FD2  A4F2               	btfss	242,2,c	;volatile
   233  007FD4  EFEE  F03F         	goto	u51
   234  007FD8  EFF0  F03F         	goto	u50
   235  007FDC                     u51:
   236  007FDC  EFE9  F03F         	goto	l34
   237  007FE0                     u50:
   238  007FE0                     
   239                           ;main.c: 55:         T0CONbits.TMR0ON = 0;
   240  007FE0  9ED5               	bcf	213,7,c	;volatile
   241                           
   242                           ;main.c: 56:         INTCONbits.TMR0IF = 0;
   243  007FE2  94F2               	bcf	242,2,c	;volatile
   244  007FE4                     
   245                           ;main.c: 58:         }
   246  007FE4  4A04               	infsnz	timer_ms_delay@n^0,f,c
   247  007FE6  2A05               	incf	(timer_ms_delay@n+1)^0,f,c
   248  007FE8                     l750:
   249  007FE8  5004               	movf	timer_ms_delay@n^0,w,c
   250  007FEA  5C01               	subwf	timer_ms_delay@tiempo^0,w,c
   251  007FEC  5005               	movf	(timer_ms_delay@n+1)^0,w,c
   252  007FEE  5802               	subwfb	(timer_ms_delay@tiempo+1)^0,w,c
   253  007FF0  B0D8               	btfsc	status,0,c
   254  007FF2  EFFD  F03F         	goto	u61
   255  007FF6  EFFF  F03F         	goto	u60
   256  007FFA                     u61:
   257  007FFA  EFD7  F03F         	goto	l744
   258  007FFE                     u60:
   259  007FFE  0012               	return		;funcret
   260  008000                     __end_of_timer_ms_delay:
   261                           	callstack 0
   262                           
   263 ;; *************** function _Timer_init *****************
   264 ;; Defined at:
   265 ;;		line 36 in file "main.c"
   266 ;; Parameters:    Size  Location     Type
   267 ;;		None
   268 ;; Auto vars:     Size  Location     Type
   269 ;;		None
   270 ;; Return value:  Size  Location     Type
   271 ;;                  1    wreg      void 
   272 ;; Registers used:
   273 ;;		wreg, status,2
   274 ;; Tracked objects:
   275 ;;		On entry : 0/0
   276 ;;		On exit  : 0/0
   277 ;;		Unchanged: 0/0
   278 ;; Data sizes:     COMRAM   BANK0   BANK1   BANK2   BANK3   BANK4   BANK5   BANK6   BANK7
   279 ;;      Params:         0       0       0       0       0       0       0       0       0
   280 ;;      Locals:         0       0       0       0       0       0       0       0       0
   281 ;;      Temps:          0       0       0       0       0       0       0       0       0
   282 ;;      Totals:         0       0       0       0       0       0       0       0       0
   283 ;;Total ram usage:        0 bytes
   284 ;; Hardware stack levels used: 1
   285 ;; This function calls:
   286 ;;		Nothing
   287 ;; This function is called by:
   288 ;;		_main
   289 ;; This function uses a non-reentrant model
   290 ;;
   291                           
   292                           	psect	text2
   293  007F64                     __ptext2:
   294                           	callstack 0
   295  007F64                     _Timer_init:
   296                           	callstack 30
   297  007F64                     
   298                           ;main.c: 38:     T0CON = 0x42;
   299  007F64  0E42               	movlw	66
   300  007F66  6ED5               	movwf	213,c	;volatile
   301  007F68                     
   302                           ;main.c: 39:     T0CONbits.TMR0ON = 0;
   303  007F68  9ED5               	bcf	213,7,c	;volatile
   304                           
   305                           ;main.c: 40:     TMR0L = 0x06;
   306  007F6A  0E06               	movlw	6
   307  007F6C  6ED6               	movwf	214,c	;volatile
   308  007F6E                     
   309                           ;main.c: 41:     INTCONbits.TMR0IF = 0;
   310  007F6E  94F2               	bcf	242,2,c	;volatile
   311  007F70  0012               	return		;funcret
   312  007F72                     __end_of_Timer_init:
   313                           	callstack 0
   314  0000                     
   315                           	psect	rparam
   316  0000                     
   317                           	psect	idloc
   318                           
   319                           ;Config register IDLOC0 @ 0x200000
   320                           ;	unspecified, using default values
   321  200000                     	org	2097152
   322  200000  FF                 	db	255
   323                           
   324                           ;Config register IDLOC1 @ 0x200001
   325                           ;	unspecified, using default values
   326  200001                     	org	2097153
   327  200001  FF                 	db	255
   328                           
   329                           ;Config register IDLOC2 @ 0x200002
   330                           ;	unspecified, using default values
   331  200002                     	org	2097154
   332  200002  FF                 	db	255
   333                           
   334                           ;Config register IDLOC3 @ 0x200003
   335                           ;	unspecified, using default values
   336  200003                     	org	2097155
   337  200003  FF                 	db	255
   338                           
   339                           ;Config register IDLOC4 @ 0x200004
   340                           ;	unspecified, using default values
   341  200004                     	org	2097156
   342  200004  FF                 	db	255
   343                           
   344                           ;Config register IDLOC5 @ 0x200005
   345                           ;	unspecified, using default values
   346  200005                     	org	2097157
   347  200005  FF                 	db	255
   348                           
   349                           ;Config register IDLOC6 @ 0x200006
   350                           ;	unspecified, using default values
   351  200006                     	org	2097158
   352  200006  FF                 	db	255
   353                           
   354                           ;Config register IDLOC7 @ 0x200007
   355                           ;	unspecified, using default values
   356  200007                     	org	2097159
   357  200007  FF                 	db	255
   358                           
   359                           	psect	config
   360                           
   361                           ;Config register CONFIG1L @ 0x300000
   362                           ;	PLL Prescaler Selection bits
   363                           ;	PLLDIV = 1, No prescale (4 MHz oscillator input drives PLL directly)
   364                           ;	System Clock Postscaler Selection bits
   365                           ;	CPUDIV = OSC1_PLL2, [Primary Oscillator Src: /1][96 MHz PLL Src: /2]
   366                           ;	USB Clock Selection bit (used in Full-Speed USB mode only; UCFG:FSEN = 1)
   367                           ;	USBDIV = 1, USB clock source comes directly from the primary oscillator block with no 
      +                          postscale
   368  300000                     	org	3145728
   369  300000  00                 	db	0
   370                           
   371                           ;Config register CONFIG1H @ 0x300001
   372                           ;	Oscillator Selection bits
   373                           ;	FOSC = XT_XT, XT oscillator (XT)
   374                           ;	Fail-Safe Clock Monitor Enable bit
   375                           ;	FCMEN = OFF, Fail-Safe Clock Monitor disabled
   376                           ;	Internal/External Oscillator Switchover bit
   377                           ;	IESO = OFF, Oscillator Switchover mode disabled
   378  300001                     	org	3145729
   379  300001  00                 	db	0
   380                           
   381                           ;Config register CONFIG2L @ 0x300002
   382                           ;	Power-up Timer Enable bit
   383                           ;	PWRT = OFF, PWRT disabled
   384                           ;	Brown-out Reset Enable bits
   385                           ;	BOR = OFF, Brown-out Reset disabled in hardware and software
   386                           ;	Brown-out Reset Voltage bits
   387                           ;	BORV = 3, Minimum setting 2.05V
   388                           ;	USB Voltage Regulator Enable bit
   389                           ;	VREGEN = OFF, USB voltage regulator disabled
   390  300002                     	org	3145730
   391  300002  19                 	db	25
   392                           
   393                           ;Config register CONFIG2H @ 0x300003
   394                           ;	Watchdog Timer Enable bit
   395                           ;	WDT = OFF, WDT disabled (control is placed on the SWDTEN bit)
   396                           ;	Watchdog Timer Postscale Select bits
   397                           ;	WDTPS = 32768, 1:32768
   398  300003                     	org	3145731
   399  300003  1E                 	db	30
   400                           
   401                           ; Padding undefined space
   402  300004                     	org	3145732
   403  300004  FF                 	db	255
   404                           
   405                           ;Config register CONFIG3H @ 0x300005
   406                           ;	CCP2 MUX bit
   407                           ;	CCP2MX = ON, CCP2 input/output is multiplexed with RC1
   408                           ;	PORTB A/D Enable bit
   409                           ;	PBADEN = ON, PORTB<4:0> pins are configured as analog input channels on Reset
   410                           ;	Low-Power Timer 1 Oscillator Enable bit
   411                           ;	LPT1OSC = OFF, Timer1 configured for higher power operation
   412                           ;	MCLR Pin Enable bit
   413                           ;	MCLRE = ON, MCLR pin enabled; RE3 input pin disabled
   414  300005                     	org	3145733
   415  300005  83                 	db	131
   416                           
   417                           ;Config register CONFIG4L @ 0x300006
   418                           ;	Stack Full/Underflow Reset Enable bit
   419                           ;	STVREN = ON, Stack full/underflow will cause Reset
   420                           ;	Single-Supply ICSP Enable bit
   421                           ;	LVP = ON, Single-Supply ICSP enabled
   422                           ;	Dedicated In-Circuit Debug/Programming Port (ICPORT) Enable bit
   423                           ;	ICPRT = OFF, ICPORT disabled
   424                           ;	Extended Instruction Set Enable bit
   425                           ;	XINST = OFF, Instruction set extension and Indexed Addressing mode disabled (Legacy mo
      +                          de)
   426                           ;	Background Debugger Enable bit
   427                           ;	DEBUG = 0x1, unprogrammed default
   428  300006                     	org	3145734
   429  300006  85                 	db	133
   430                           
   431                           ; Padding undefined space
   432  300007                     	org	3145735
   433  300007  FF                 	db	255
   434                           
   435                           ;Config register CONFIG5L @ 0x300008
   436                           ;	Code Protection bit
   437                           ;	CP0 = OFF, Block 0 (000800-001FFFh) is not code-protected
   438                           ;	Code Protection bit
   439                           ;	CP1 = OFF, Block 1 (002000-003FFFh) is not code-protected
   440                           ;	Code Protection bit
   441                           ;	CP2 = OFF, Block 2 (004000-005FFFh) is not code-protected
   442                           ;	Code Protection bit
   443                           ;	CP3 = OFF, Block 3 (006000-007FFFh) is not code-protected
   444  300008                     	org	3145736
   445  300008  0F                 	db	15
   446                           
   447                           ;Config register CONFIG5H @ 0x300009
   448                           ;	Boot Block Code Protection bit
   449                           ;	CPB = OFF, Boot block (000000-0007FFh) is not code-protected
   450                           ;	Data EEPROM Code Protection bit
   451                           ;	CPD = OFF, Data EEPROM is not code-protected
   452  300009                     	org	3145737
   453  300009  C0                 	db	192
   454                           
   455                           ;Config register CONFIG6L @ 0x30000A
   456                           ;	Write Protection bit
   457                           ;	WRT0 = OFF, Block 0 (000800-001FFFh) is not write-protected
   458                           ;	Write Protection bit
   459                           ;	WRT1 = OFF, Block 1 (002000-003FFFh) is not write-protected
   460                           ;	Write Protection bit
   461                           ;	WRT2 = OFF, Block 2 (004000-005FFFh) is not write-protected
   462                           ;	Write Protection bit
   463                           ;	WRT3 = OFF, Block 3 (006000-007FFFh) is not write-protected
   464  30000A                     	org	3145738
   465  30000A  0F                 	db	15
   466                           
   467                           ;Config register CONFIG6H @ 0x30000B
   468                           ;	Configuration Register Write Protection bit
   469                           ;	WRTC = OFF, Configuration registers (300000-3000FFh) are not write-protected
   470                           ;	Boot Block Write Protection bit
   471                           ;	WRTB = OFF, Boot block (000000-0007FFh) is not write-protected
   472                           ;	Data EEPROM Write Protection bit
   473                           ;	WRTD = OFF, Data EEPROM is not write-protected
   474  30000B                     	org	3145739
   475  30000B  E0                 	db	224
   476                           
   477                           ;Config register CONFIG7L @ 0x30000C
   478                           ;	Table Read Protection bit
   479                           ;	EBTR0 = OFF, Block 0 (000800-001FFFh) is not protected from table reads executed in ot
      +                          her blocks
   480                           ;	Table Read Protection bit
   481                           ;	EBTR1 = OFF, Block 1 (002000-003FFFh) is not protected from table reads executed in ot
      +                          her blocks
   482                           ;	Table Read Protection bit
   483                           ;	EBTR2 = OFF, Block 2 (004000-005FFFh) is not protected from table reads executed in ot
      +                          her blocks
   484                           ;	Table Read Protection bit
   485                           ;	EBTR3 = OFF, Block 3 (006000-007FFFh) is not protected from table reads executed in ot
      +                          her blocks
   486  30000C                     	org	3145740
   487  30000C  0F                 	db	15
   488                           
   489                           ;Config register CONFIG7H @ 0x30000D
   490                           ;	Boot Block Table Read Protection bit
   491                           ;	EBTRB = OFF, Boot block (000000-0007FFh) is not protected from table reads executed in
      +                           other blocks
   492  30000D                     	org	3145741
   493  30000D  40                 	db	64
   494                           tosu	equ	0xFFF
   495                           tosh	equ	0xFFE
   496                           tosl	equ	0xFFD
   497                           stkptr	equ	0xFFC
   498                           pclatu	equ	0xFFB
   499                           pclath	equ	0xFFA
   500                           pcl	equ	0xFF9
   501                           tblptru	equ	0xFF8
   502                           tblptrh	equ	0xFF7
   503                           tblptrl	equ	0xFF6
   504                           tablat	equ	0xFF5
   505                           prodh	equ	0xFF4
   506                           prodl	equ	0xFF3
   507                           indf0	equ	0xFEF
   508                           postinc0	equ	0xFEE
   509                           postdec0	equ	0xFED
   510                           preinc0	equ	0xFEC
   511                           plusw0	equ	0xFEB
   512                           fsr0h	equ	0xFEA
   513                           fsr0l	equ	0xFE9
   514                           wreg	equ	0xFE8
   515                           indf1	equ	0xFE7
   516                           postinc1	equ	0xFE6
   517                           postdec1	equ	0xFE5
   518                           preinc1	equ	0xFE4
   519                           plusw1	equ	0xFE3
   520                           fsr1h	equ	0xFE2
   521                           fsr1l	equ	0xFE1
   522                           bsr	equ	0xFE0
   523                           indf2	equ	0xFDF
   524                           postinc2	equ	0xFDE
   525                           postdec2	equ	0xFDD
   526                           preinc2	equ	0xFDC
   527                           plusw2	equ	0xFDB
   528                           fsr2h	equ	0xFDA
   529                           fsr2l	equ	0xFD9
   530                           status	equ	0xFD8

Data Sizes:
    Strings     0
    Constant    0
    Data        0
    BSS         0
    Persistent  0
    Stack       0

Auto Spaces:
    Space          Size  Autos    Used
    COMRAM           95      5       5
    BANK0           160      0       0
    BANK1           256      0       0
    BANK2           256      0       0
    BANK3           256      0       0
    BANK4           256      0       0
    BANK5           256      0       0
    BANK6           256      0       0
    BANK7           256      0       0

Pointer List with Targets:

    None.

Critical Paths under _main in COMRAM

    _main->_timer_ms_delay

Critical Paths under _main in BANK0

    None.

Critical Paths under _main in BANK1

    None.

Critical Paths under _main in BANK2

    None.

Critical Paths under _main in BANK3

    None.

Critical Paths under _main in BANK4

    None.

Critical Paths under _main in BANK5

    None.

Critical Paths under _main in BANK6

    None.

Critical Paths under _main in BANK7

    None.

Call Graph Tables:

 ---------------------------------------------------------------------------------
 (Depth) Function   	        Calls       Base Space   Used Autos Params    Refs
 ---------------------------------------------------------------------------------
 (0) _main                                                 0     0      0     198
                         _Timer_init
                     _timer_ms_delay
 ---------------------------------------------------------------------------------
 (1) _timer_ms_delay                                       5     3      2     198
                                              0 COMRAM     5     3      2
 ---------------------------------------------------------------------------------
 (1) _Timer_init                                           0     0      0       0
 ---------------------------------------------------------------------------------
 Estimated maximum stack depth 1
 ---------------------------------------------------------------------------------

 Call Graph Graphs:

 _main (ROOT)
   _Timer_init
   _timer_ms_delay

 Address spaces:
Name               Size   Autos  Total    Cost      Usage
BITCOMRAM           5F      0       0       0        0.0%
EEDATA             100      0       0       0        0.0%
NULL                 0      0       0       0        0.0%
CODE                 0      0       0       0        0.0%
COMRAM              5F      5       5       1        5.3%
STACK                0      0       0       2        0.0%
DATA                 0      0       0       3        0.0%
BITBANK0            A0      0       0       4        0.0%
BANK0               A0      0       0       5        0.0%
BITBANK1           100      0       0       6        0.0%
BANK1              100      0       0       7        0.0%
BITBANK2           100      0       0       8        0.0%
BANK2              100      0       0       9        0.0%
BITBANK3           100      0       0      10        0.0%
BANK3              100      0       0      11        0.0%
BITBANK4           100      0       0      12        0.0%
BANK4              100      0       0      13        0.0%
BITBANK5           100      0       0      14        0.0%
BANK5              100      0       0      15        0.0%
BITBANK6           100      0       0      16        0.0%
BANK6              100      0       0      17        0.0%
BITBANK7           100      0       0      18        0.0%
BANK7              100      0       0      19        0.0%
ABS                  0      0       0      20        0.0%
BIGRAM             7FF      0       0      21        0.0%
BITSFR               0      0       0     200        0.0%
SFR                  0      0       0     200        0.0%


Microchip Technology PIC18 Macro Assembler V2.32 build 20210201212658 
Symbol Table                                                                                   Tue Dec 14 05:12:14 2021

                     l34 7FD2                       l36 7FE0                       l29 7F70  
                     l38 7FFE                       u40 7FBE                       u41 7FB8  
                     u50 7FE0                       u51 7FDC                       u60 7FFE  
                     u61 7FFA                       u46 7FC0                      l714 7F64  
                    l716 7F68                      l718 7F6E                      l750 7FE8  
                    l742 7FA2                      l744 7FAE                      l760 7F8C  
                    l752 7F72                      l746 7FD0                      l762 7F8E  
                    l754 7F7A                      l748 7FE4                      l756 7F7E  
                    l758 7F80                     _main 7F72                     start 0000  
           ___param_bank 000000                    ?_main 0001                    _T0CON 000FD5  
                  _TMR0L 000FD6                    _TRISB 000F93                    status 000FD8  
        __initialization 7F5E             __end_of_main 7FA2         ??_timer_ms_delay 0003  
                 ??_main 0006            __activetblptr 000000          timer_ms_delay@n 0004  
                 _ADCON1 000FC1               _Timer_init 7F64                   isa$std 000001  
             __accesstop 0060  __end_of__initialization 7F5E            ___rparam_used 000001  
         __pcstackCOMRAM 0001     timer_ms_delay@tiempo 0001              ?_Timer_init 0001  
                __Hparam 0000                  __Lparam 0000                  __pcinit 7F5E  
                __ramtop 0800                  __ptext0 7F72                  __ptext1 7FA2  
                __ptext2 7F64                _T0CONbits 000FD5     end_of_initialization 7F5E  
    __size_of_Timer_init 000E      start_initialization 7F5E  __size_of_timer_ms_delay 005E  
           ??_Timer_init 0001       __end_of_Timer_init 7F72                 _LATBbits 000F8A  
         _timer_ms_delay 7FA2                 __Hrparam 0000                 __Lrparam 0000  
 __end_of_timer_ms_delay 8000            __size_of_main 0030                 isa$xinst 000000  
             _INTCONbits 000FF2          ?_timer_ms_delay 0001  
